Build started 1/12/2016 9:16:51 PM.
     1>Project "C:\Users\mohamed\Documents\GitHub\OpenRoad\Crossy Road\Crossy Road.vcxproj" on node 2 (Build target(s)).
     1>ClCompile:
         C:\Program Files (x86)\Microsoft Visual Studio 11.0\VC\bin\CL.exe /c /nologo /W3 /WX- /Od /Oy- /D WIN32 /D _DEBUG /D _CONSOLE /D _UNICODE /D UNICODE /Gm /EHsc /RTC1 /MDd /GS /fp:precise /Zc:wchar_t /Zc:forScope /Fo"Debug\\" /Fd"Debug\vc110.pdb" /Gd /TP /analyze- /errorReport:prompt crossy.cpp
     1>cl : Command line warning D9007: '/Gm' requires '/Zi or /ZI'; option ignored
         crossy.cpp
       Link:
         C:\Program Files (x86)\Microsoft Visual Studio 11.0\VC\bin\link.exe /ERRORREPORT:PROMPT /OUT:"C:\Users\mohamed\Documents\GitHub\OpenRoad\Debug\Crossy Road.exe" /INCREMENTAL /NOLOGO /LIBPATH:"C:\Users\mohamed\Documents\Visual Studio 2012\Projects\openGL1\SDL2-2.0.3\lib\x86" /LIBPATH:"C:\openGL\glew-1.11.0\lib" /LIBPATH:C:\openGL\freeglut\lib freeglut.lib glew32.lib opengl32.lib SDL2.lib SDL2main.lib ComCtl32.Lib ComDlg32.Lib kernel32.lib user32.lib gdi32.lib winspool.lib comdlg32.lib advapi32.lib shell32.lib ole32.lib oleaut32.lib uuid.lib odbc32.lib odbccp32.lib /MANIFEST /MANIFESTUAC:"level='asInvoker' uiAccess='false'" /manifest:embed /DEBUG /PDB:"C:\Users\mohamed\Documents\GitHub\OpenRoad\Debug\Crossy Road.pdb" /SUBSYSTEM:CONSOLE /TLBID:1 /DYNAMICBASE /NXCOMPAT /IMPLIB:"C:\Users\mohamed\Documents\GitHub\OpenRoad\Debug\Crossy Road.lib" /MACHINE:X86 Debug\crossy.obj
         Debug\DisplayList.obj
         Debug\Material.obj
         Debug\MtlLibrary.obj
         Debug\MtlLibraryManager.obj
         Debug\ObjModel.obj
         Debug\ObjStringParsing.obj
         Debug\SpriteFont.obj
         Debug\Texture.obj
         Debug\TextureBmp.obj
         Debug\TextureManager.obj
         Debug\Vector2.obj
         Debug\Vector3.obj
         Debug\Sleep.obj
         ..\..\dependacies\freeglut\lib\freeglut.lib
         "..\..\dependacies\glew-1.11.0\lib\glew32s.lib"
         "..\..\dependacies\SDL2-2.0.3\lib\x86\SDL2.lib"
         "..\..\dependacies\SDL2-2.0.3\lib\x86\SDL2main.lib"
         Crossy Road.vcxproj -> C:\Users\mohamed\Documents\GitHub\OpenRoad\Debug\Crossy Road.exe
     1>Done Building Project "C:\Users\mohamed\Documents\GitHub\OpenRoad\Crossy Road\Crossy Road.vcxproj" (Build target(s)).

Build succeeded.

Time Elapsed 00:00:01.10
